<?xml version="1.0" encoding="UTF-8"?>
<!-- Generated by org.testng.reporters.JUnitXMLReporter -->
<testsuite hostname="Rutuja" ignored="0" name="Default test" tests="3" failures="0" timestamp="07 Dec 2020 09:50:17 GMT" time="26.756" errors="0">
  <testcase name="adminTest" time="1.539" classname="com.orangehrmlive.TestNGDemo"/>
  <testcase name="leaveTest" time="1.969" classname="com.orangehrmlive.TestNGDemo"/>
  <testcase name="timeTest" time="1.509" classname="com.orangehrmlive.TestNGDemo"/>
</testsuite> <!-- Default test -->
