<?xml version="1.0" encoding="UTF-8"?>
<!-- Generated by org.testng.reporters.JUnitXMLReporter -->
<testsuite hostname="Rutuja" ignored="0" name="Test" tests="5" failures="0" timestamp="04 Nov 2020 12:38:21 GMT" time="34.434" errors="0">
  <testcase name="paraTest1" time="8.073" classname="com.orangehrmlive.XmlTest"/>
  <testcase name="paraTest2" time="6.686" classname="com.orangehrmlive.XmlTest2"/>
  <testcase name="adminTest" time="1.183" classname="com.orangehrmlive.TestNGDemo"/>
  <testcase name="leaveTest" time="1.966" classname="com.orangehrmlive.TestNGDemo"/>
  <testcase name="timeTest" time="1.04" classname="com.orangehrmlive.TestNGDemo"/>
</testsuite> <!-- Test -->
