<?xml version="1.0" encoding="UTF-8"?>
<testng-results skipped="0" failed="0" ignored="0" total="3" passed="3">
  <reporter-output>
  </reporter-output>
  <suite name="Default suite" duration-ms="26756" started-at="2020-12-07T09:49:50Z" finished-at="2020-12-07T09:50:17Z">
    <groups>
    </groups>
    <test name="Default test" duration-ms="26756" started-at="2020-12-07T09:49:50Z" finished-at="2020-12-07T09:50:17Z">
      <class name="com.orangehrmlive.TestNGDemo">
        <test-method status="PASS" signature="openBrowser()[pri:0, instance:com.orangehrmlive.TestNGDemo@5b275dab]" name="openBrowser" is-config="true" duration-ms="9199" started-at="2020-12-07T09:49:50Z" finished-at="2020-12-07T09:49:59Z">
          <reporter-output>
          </reporter-output>
        </test-method> <!-- openBrowser -->
        <test-method status="PASS" signature="login()[pri:0, instance:com.orangehrmlive.TestNGDemo@5b275dab]" name="login" is-config="true" duration-ms="4205" started-at="2020-12-07T09:49:59Z" finished-at="2020-12-07T09:50:04Z">
          <reporter-output>
          </reporter-output>
        </test-method> <!-- login -->
        <test-method status="PASS" signature="adminTest()[pri:0, instance:com.orangehrmlive.TestNGDemo@5b275dab]" name="adminTest" duration-ms="1539" started-at="2020-12-07T09:50:04Z" finished-at="2020-12-07T09:50:05Z">
          <reporter-output>
          </reporter-output>
        </test-method> <!-- adminTest -->
        <test-method status="PASS" signature="logout()[pri:0, instance:com.orangehrmlive.TestNGDemo@5b275dab]" name="logout" is-config="true" duration-ms="1404" started-at="2020-12-07T09:50:05Z" finished-at="2020-12-07T09:50:06Z">
          <reporter-output>
          </reporter-output>
        </test-method> <!-- logout -->
        <test-method status="PASS" signature="login()[pri:0, instance:com.orangehrmlive.TestNGDemo@5b275dab]" name="login" is-config="true" duration-ms="1607" started-at="2020-12-07T09:50:06Z" finished-at="2020-12-07T09:50:08Z">
          <reporter-output>
          </reporter-output>
        </test-method> <!-- login -->
        <test-method status="PASS" signature="leaveTest()[pri:0, instance:com.orangehrmlive.TestNGDemo@5b275dab]" name="leaveTest" duration-ms="1969" started-at="2020-12-07T09:50:08Z" finished-at="2020-12-07T09:50:10Z">
          <reporter-output>
          </reporter-output>
        </test-method> <!-- leaveTest -->
        <test-method status="PASS" signature="logout()[pri:0, instance:com.orangehrmlive.TestNGDemo@5b275dab]" name="logout" is-config="true" duration-ms="1416" started-at="2020-12-07T09:50:10Z" finished-at="2020-12-07T09:50:11Z">
          <reporter-output>
          </reporter-output>
        </test-method> <!-- logout -->
        <test-method status="PASS" signature="login()[pri:0, instance:com.orangehrmlive.TestNGDemo@5b275dab]" name="login" is-config="true" duration-ms="2026" started-at="2020-12-07T09:50:11Z" finished-at="2020-12-07T09:50:13Z">
          <reporter-output>
          </reporter-output>
        </test-method> <!-- login -->
        <test-method status="PASS" signature="timeTest()[pri:0, instance:com.orangehrmlive.TestNGDemo@5b275dab]" name="timeTest" duration-ms="1509" started-at="2020-12-07T09:50:13Z" finished-at="2020-12-07T09:50:15Z">
          <reporter-output>
          </reporter-output>
        </test-method> <!-- timeTest -->
        <test-method status="PASS" signature="logout()[pri:0, instance:com.orangehrmlive.TestNGDemo@5b275dab]" name="logout" is-config="true" duration-ms="1603" started-at="2020-12-07T09:50:15Z" finished-at="2020-12-07T09:50:17Z">
          <reporter-output>
          </reporter-output>
        </test-method> <!-- logout -->
        <test-method status="PASS" signature="closeBrowser()[pri:0, instance:com.orangehrmlive.TestNGDemo@5b275dab]" name="closeBrowser" is-config="true" duration-ms="215" started-at="2020-12-07T09:50:17Z" finished-at="2020-12-07T09:50:17Z">
          <reporter-output>
          </reporter-output>
        </test-method> <!-- closeBrowser -->
      </class> <!-- com.orangehrmlive.TestNGDemo -->
    </test> <!-- Default test -->
  </suite> <!-- Default suite -->
</testng-results>
